--java.lang.AssertionError: the size of the result sets mismatch (0 and 1)!
---- SELECT DISTINCT T0.C1 FROM T0 WHERE (((NOT (((NOT (((+ T0.C1))=((+ 1189962576)))))AND(((TIMESTAMP '1969-12-17 09:44:47')NOT LIKE(TIMESTAMP '1969-12-14 04:58:56'))))))AND((((NOT ((TIMESTAMP '1969-12-17 09:44:47')NOT LIKE(TIMESTAMP '1969-12-14 04:58:56'))))OR((NOT false)))));
---- cardinality: 0
---- ((TIMESTAMP '1969-12-11 22:59:17')<(TIMESTAMP '1969-12-18 21:16:43'));((TIMESTAMP '1969-12-17 09:44:47')NOT LIKE(TIMESTAMP '1969-12-14 04:58:56'));((TIMESTAMP '1970-01-17 09:01:52')!=(TIMESTAMP '1970-01-19 21:10:26'));((TIMESTAMP '1970-01-02 08:57:49')LIKE(TIMESTAMP '1970-01-21 20:45:37'));((TIMESTAMP '1969-12-25 16:54:14')>(T0.C0));(((+ T0.C1))=((+ 1189962576)));((((true) IS UNKNOWN)) IS FALSE);((TIMESTAMP '1970-01-25 01:10:10')>=(TIMESTAMP '1970-01-17 21:05:46'));false;false;
---- cardinality: 1
--	at sqlancer.ComparatorHelper.assumeResultSetsAreEqual(ComparatorHelper.java:94)
--	at sqlancer.firebird.test.FirebirdPredicateCombiningDistinctTester.check(FirebirdPredicateCombiningDistinctTester.java:32)
--	at sqlancer.common.oracle.CompositeTestOracle.check(CompositeTestOracle.java:21)
--	at sqlancer.ProviderAdapter.generateAndTestDatabase(ProviderAdapter.java:49)
--	at sqlancer.firebird.FirebirdProvider.generateAndTestDatabase(FirebirdProvider.java:102)
--	at sqlancer.firebird.FirebirdProvider.generateAndTestDatabase(FirebirdProvider.java:1)
--	at sqlancer.Main$DBMSExecutor.run(Main.java:324)
--	at sqlancer.Main$2.run(Main.java:508)
--	at sqlancer.Main$2.runThread(Main.java:490)
--	at sqlancer.Main$2.run(Main.java:476)
--	at java.base/java.util.concurrent.ThreadPoolExecutor.runWorker(ThreadPoolExecutor.java:1128)
--	at java.base/java.util.concurrent.ThreadPoolExecutor$Worker.run(ThreadPoolExecutor.java:628)
--	at java.base/java.lang.Thread.run(Thread.java:834)
---- Time: 2021/05/20 10:21:16
-- Database: database40
-- Database version: WI-V3.0.7.33374
-- seed value: 1621496449540
CREATE TABLE t0(c0 TIMESTAMP, c1 FLOAT NOT NULL, PRIMARY KEY(c1));
INSERT INTO T0 (C0) VALUES (TIMESTAMP '1970-01-04 08:13:02');
INSERT INTO T0 (C0) VALUES (TIMESTAMP '1969-12-16 15:30:54');
INSERT INTO T0 (C0, C1) VALUES (TIMESTAMP '1970-01-16 15:49:40', 1.151650806E9);
INSERT INTO T0 (C0) VALUES (TIMESTAMP '1969-12-07 16:02:50');
INSERT INTO T0 (C1, C0) VALUES (0.42569075137309553, TIMESTAMP '1969-12-14 14:21:38');
INSERT INTO T0 (C1, C0) VALUES (0.7995310058978076, TIMESTAMP '1969-12-09 00:20:35');
CREATE UNIQUE INDEX i0 ON T0(C0, C1);
INSERT INTO T0 (C0, C1) VALUES (TIMESTAMP '1970-01-20 10:31:55', 0.9240202980850053);
CREATE INDEX i1 ON T0(C1);
INSERT INTO T0 (C1) VALUES (0.38435120953638413);
INSERT INTO T0 (C1, C0) VALUES (0.05503504464162434, TIMESTAMP '1970-01-01 01:00:00');
INSERT INTO T0 (C1, C0) VALUES (0.3136349653544116, TIMESTAMP '1970-01-09 19:01:36');
INSERT INTO T0 (C1, C0) VALUES (0.9803088182241052, TIMESTAMP '1969-12-24 08:16:55');
INSERT INTO T0 (C0, C1) VALUES (TIMESTAMP '1970-01-25 16:38:29', 1.189962576E9);
INSERT INTO T0 (C0) VALUES (TIMESTAMP '1969-12-24 04:11:30');
INSERT INTO T0 (C0) VALUES (TIMESTAMP '1970-01-06 01:46:54');
INSERT INTO T0 (C0, C1) VALUES (TIMESTAMP '1969-12-21 05:12:37', 0.11479134534453661);
INSERT INTO T0 (C0) VALUES (TIMESTAMP '1970-01-14 06:00:22');
INSERT INTO T0 (C0, C1) VALUES (TIMESTAMP '1969-12-11 11:03:42', '+Inf');
INSERT INTO T0 (C0, C1) VALUES (TIMESTAMP '1970-01-06 20:02:42', -2.87904793E8);
INSERT INTO T0 (C1) VALUES (0.9151642835512704);
INSERT INTO T0 DEFAULT VALUES;
INSERT INTO T0 (C0) VALUES (TIMESTAMP '1970-01-19 09:01:54');
INSERT INTO T0 (C0, C1) VALUES (TIMESTAMP '1969-12-16 04:32:42', 0.62371200039946);
INSERT INTO T0 (C0, C1) VALUES (TIMESTAMP '1969-12-23 10:25:38', 0.5303093958331325);
INSERT INTO T0 (C0) VALUES (TIMESTAMP '1970-01-16 07:13:19');
INSERT INTO T0 (C1, C0) VALUES (0.2647056965495903, TIMESTAMP '1970-01-01 21:11:34');
INSERT INTO T0 (C1, C0) VALUES (0.2541199562020583, NULL);
INSERT INTO T0 (C0) VALUES (TIMESTAMP '1970-01-16 07:43:19');
INSERT INTO T0 (C1, C0) VALUES (0.4611163845085585, TIMESTAMP '1970-01-14 11:16:30');
INSERT INTO T0 (C1) VALUES (0.775846988567236);
INSERT INTO T0 (C0) VALUES (TIMESTAMP '1969-12-21 05:12:37');
INSERT INTO T0 (C1) VALUES (0.7746636416424715);
INSERT INTO T0 (C0, C1) VALUES (TIMESTAMP '1969-12-20 10:29:53', -5.64951461E8);
UPDATE T0 SET C1=-1.414644892E9;
UPDATE T0 SET C0=TIMESTAMP '1970-01-23 13:27:36', C1=0.11145306614803463;
UPDATE T0 SET C0=TIMESTAMP '1970-01-18 16:04:27';
INSERT INTO T0 (C1) VALUES (0.31408199383929913);
INSERT INTO T0 (C1, C0) VALUES (0.7746994426463001, TIMESTAMP '1970-01-01 04:05:29');
-- SELECT DISTINCT T0.C1 FROM T0 WHERE (((NOT (((NOT (((+ T0.C1))=((+ 1189962576)))))AND(((TIMESTAMP '1969-12-17 09:44:47')NOT LIKE(TIMESTAMP '1969-12-14 04:58:56'))))))AND((((NOT ((TIMESTAMP '1969-12-17 09:44:47')NOT LIKE(TIMESTAMP '1969-12-14 04:58:56'))))OR((NOT false)))));
-- cardinality: 0
-- ((TIMESTAMP '1969-12-11 22:59:17')<(TIMESTAMP '1969-12-18 21:16:43'));((TIMESTAMP '1969-12-17 09:44:47')NOT LIKE(TIMESTAMP '1969-12-14 04:58:56'));((TIMESTAMP '1970-01-17 09:01:52')!=(TIMESTAMP '1970-01-19 21:10:26'));((TIMESTAMP '1970-01-02 08:57:49')LIKE(TIMESTAMP '1970-01-21 20:45:37'));((TIMESTAMP '1969-12-25 16:54:14')>(T0.C0));(((+ T0.C1))=((+ 1189962576)));((((true) IS UNKNOWN)) IS FALSE);((TIMESTAMP '1970-01-25 01:10:10')>=(TIMESTAMP '1970-01-17 21:05:46'));false;false;
-- cardinality: 1
