--java.lang.AssertionError: the size of the result sets mismatch (162 and 172)!
---- SELECT DISTINCT T1.C0, T1.C1, T0.C0 FROM T1, T0 WHERE ((((((DATE '1969-12-27')LIKE(DATE '1970-01-14')))AND(((((T1.C1) IS UNKNOWN)) IS NOT UNKNOWN))))OR((((NOT (((+ T0.C0))<((+ -727878435)))))OR((NOT ((((T1.C1) IS FALSE)) IS TRUE))))));
---- cardinality: 162
---- ((DATE '1969-12-25')NOT LIKE(T1.C0));((((T0.C0)<(T0.C0))) IS TRUE);(((('0.8264123904970507') IS NOT NULL)) IS TRUE);(((+ T0.C0))<((+ -727878435)));(((+ -434470016))=(((746880880)+(41036406))));((((T1.C1) IS FALSE)) IS TRUE);((((T1.C1) IS UNKNOWN)) IS NOT UNKNOWN);((DATE '1969-12-27')LIKE(DATE '1970-01-14'));((DATE '1970-01-13')=(DATE '1969-12-24'));((((T1.C1) IS NOT UNKNOWN))=(((T1.C0)LIKE(T1.C0))));
---- cardinality: 172
--	at sqlancer.ComparatorHelper.assumeResultSetsAreEqual(ComparatorHelper.java:94)
--	at sqlancer.firebird.test.FirebirdPredicateCombiningDistinctTester.check(FirebirdPredicateCombiningDistinctTester.java:32)
--	at sqlancer.common.oracle.CompositeTestOracle.check(CompositeTestOracle.java:21)
--	at sqlancer.ProviderAdapter.generateAndTestDatabase(ProviderAdapter.java:49)
--	at sqlancer.firebird.FirebirdProvider.generateAndTestDatabase(FirebirdProvider.java:102)
--	at sqlancer.firebird.FirebirdProvider.generateAndTestDatabase(FirebirdProvider.java:1)
--	at sqlancer.Main$DBMSExecutor.run(Main.java:324)
--	at sqlancer.Main$2.run(Main.java:508)
--	at sqlancer.Main$2.runThread(Main.java:490)
--	at sqlancer.Main$2.run(Main.java:476)
--	at java.base/java.util.concurrent.ThreadPoolExecutor.runWorker(ThreadPoolExecutor.java:1128)
--	at java.base/java.util.concurrent.ThreadPoolExecutor$Worker.run(ThreadPoolExecutor.java:628)
--	at java.base/java.lang.Thread.run(Thread.java:834)
---- Time: 2021/05/20 10:03:12
-- Database: database24
-- Database version: WI-V3.0.7.33374
-- seed value: 1621496449517
CREATE TABLE t0(c0 FLOAT);
CREATE TABLE t1(c0 DATE, c1 BOOLEAN);
CREATE INDEX i0 ON T0(C0);
INSERT INTO T1 (C1, C0) VALUES (true, DATE '1970-01-05');
INSERT INTO T0 (C0) VALUES (0.08081232229323232);
INSERT INTO T0 (C0) VALUES (0.4242287219720109);
INSERT INTO T1 (C0, C1) VALUES (DATE '1970-01-10', false);
INSERT INTO T1 (C0, C1) VALUES (DATE '1970-01-23', true);
INSERT INTO T0 (C0) VALUES (1.850125545E9);
INSERT INTO T0 (C0) VALUES (-1.417070171E9);
INSERT INTO T1 (C1, C0) VALUES (false, DATE '1969-12-20');
INSERT INTO T1 (C1) VALUES (false);
INSERT INTO T1 (C1, C0) VALUES (false, DATE '1969-12-21');
CREATE UNIQUE INDEX i1 ON T0(C0);
INSERT INTO T0 (C0) VALUES (0.8859931543666612);
INSERT INTO T1 (C1, C0) VALUES (false, DATE '1969-12-26');
INSERT INTO T1 (C1, C0) VALUES (true, DATE '1969-12-20');
INSERT INTO T0 (C0) VALUES (0.09673531541769931);
INSERT INTO T0 (C0) VALUES (0.32138998014329545);
INSERT INTO T1 (C1, C0) VALUES (true, DATE '1970-01-24');
INSERT INTO T0 (C0) VALUES (0.08483077995457589);
INSERT INTO T0 (C0) VALUES (0.2163844635235186);
INSERT INTO T0 (C0) VALUES (-7.27878435E8);
UPDATE T1 SET C1=false;
INSERT INTO T1 (C1, C0) VALUES (true, DATE '1969-12-20');
INSERT INTO T1 (C1) VALUES (false);
INSERT INTO T1 (C0, C1) VALUES (DATE '1970-01-17', false);
INSERT INTO T1 (C1) VALUES (true);
CREATE INDEX i2 ON T1(C1);
INSERT INTO T0 (C0) VALUES (0.8723843007700108);
INSERT INTO T1 (C0) VALUES (DATE '1970-01-06');
INSERT INTO T1 (C0, C1) VALUES (DATE '1969-12-15', true);
CREATE UNIQUE INDEX i3 ON T1(C0, C1);
CREATE INDEX i3 ON T1(C0);
INSERT INTO T0 (C0) VALUES (0.17482077915524463);
INSERT INTO T1 (C0, C1) VALUES (DATE '1970-01-12', false);
INSERT INTO T0 (C0) VALUES (0.5687512628501085);
-- SELECT DISTINCT T1.C0, T1.C1, T0.C0 FROM T1, T0 WHERE ((((((DATE '1969-12-27')LIKE(DATE '1970-01-14')))AND(((((T1.C1) IS UNKNOWN)) IS NOT UNKNOWN))))OR((((NOT (((+ T0.C0))<((+ -727878435)))))OR((NOT ((((T1.C1) IS FALSE)) IS TRUE))))));
-- cardinality: 162
-- ((DATE '1969-12-25')NOT LIKE(T1.C0));((((T0.C0)<(T0.C0))) IS TRUE);(((('0.8264123904970507') IS NOT NULL)) IS TRUE);(((+ T0.C0))<((+ -727878435)));(((+ -434470016))=(((746880880)+(41036406))));((((T1.C1) IS FALSE)) IS TRUE);((((T1.C1) IS UNKNOWN)) IS NOT UNKNOWN);((DATE '1969-12-27')LIKE(DATE '1970-01-14'));((DATE '1970-01-13')=(DATE '1969-12-24'));((((T1.C1) IS NOT UNKNOWN))=(((T1.C0)LIKE(T1.C0))));
-- cardinality: 172
